2024-07-17 11:05:33.3394|WARN|Novetus.Core.Util|WARNING - C:\\Users\\isoto\\Desktop\\roblox\\novetus\\test\\data\\config\servers.txt not found. Creating empty file.
2024-07-17 11:05:33.3681|WARN|Novetus.Core.Util|WARNING - C:\\Users\\isoto\\Desktop\\roblox\\novetus\\test\\data\\config\ports.txt not found. Creating empty file.
2024-07-17 11:05:33.3681|WARN|Novetus.Core.Util|WARNING - No file list detected. Generating Initial File List.
2024-07-17 11:05:33.3878|INFO|Novetus.Core.Util|Discord RPC: Initalized
2024-07-17 11:05:33.5737|INFO|Novetus.Core.Util|File list generation finished.
2024-07-17 11:05:34.5965|INFO|Novetus.Core.Util|Client '2009E' successfully loaded.
2024-07-17 11:08:07.8187|INFO|Novetus.Core.Util|Discord RPC: Initalized
2024-07-17 11:08:08.7603|INFO|Novetus.Core.Util|Client '2009E' successfully loaded.
2024-07-17 11:10:32.8335|INFO|Novetus.Core.Util|Discord RPC: Initalized
2024-07-17 11:10:33.8175|INFO|Novetus.Core.Util|Client '2009E' successfully loaded.
2024-07-17 11:10:44.7172|INFO|Novetus.Core.Util|Client '2011E' successfully loaded.
2024-07-17 11:10:49.0948|INFO|Novetus.Core.Util|Client Loaded.
2024-07-17 11:12:09.3932|INFO|Novetus.Core.Util|Client '2011E' successfully loaded.
2024-07-17 11:12:18.9500|INFO|Novetus.Core.Util|Config loaded.
2024-07-17 11:12:18.9861|INFO|Novetus.Core.Util|Client '2011E' successfully loaded.
2024-07-17 11:12:24.2039|INFO|Novetus.Core.Util|Client '2009E' successfully loaded.
2024-07-17 11:12:35.2571|INFO|Novetus.Core.Util|Client Loaded.
2024-07-17 11:12:42.9208|INFO|Novetus.Core.Util|Client Loaded.
2024-07-17 11:13:52.2270|INFO|Novetus.Core.Util|Client '2011M' successfully loaded.
2024-07-17 11:13:52.7291|INFO|Novetus.Core.Util|Client '2011E' successfully loaded.
2024-07-17 11:13:53.5526|INFO|Novetus.Core.Util|Client '2010L' successfully loaded.
2024-07-17 11:13:54.1163|INFO|Novetus.Core.Util|Client '2011E' successfully loaded.
2024-07-17 11:13:54.5045|INFO|Novetus.Core.Util|Client '2012M' successfully loaded.
2024-07-17 11:13:54.8802|INFO|Novetus.Core.Util|Client '2011M' successfully loaded.
2024-07-17 11:13:55.5163|INFO|Novetus.Core.Util|Client '2011E' successfully loaded.
2024-07-17 11:14:07.4066|INFO|Novetus.Core.Util|Client Loaded.
2024-07-17 11:16:41.1177|INFO|Novetus.Core.Util|Client Loaded.
